Terminals unused in grammar

   ELSE
   FI
   IF
   IN
   LET
   LOOP
   POOL
   THEN
   WHILE
   CASE
   ESAC
   OF
   DARROW
   NEW
   ISVOID
   STR_CONST
   INT_CONST
   BOOL_CONST
   NOT
   LE
   ERROR


Grammar

    0 $accept: program $end

    1 program: class_list

    2 class_list: class
    3           | class_list class

    4 class: CLASS TYPEID '{' feature_list '}' ';'
    5      | CLASS TYPEID INHERITS TYPEID '{' feature_list '}' ';'

    6 feature_list: %empty
    7             | feature_list feature

    8 feature: OBJECTID '(' ')' ':' TYPEID '{' expression '}' ';'
    9        | OBJECTID '(' formal_list ')' ':' TYPEID '{' expression '}' ';'
   10        | OBJECTID ':' TYPEID ';'
   11        | OBJECTID ':' TYPEID ASSIGN expression ';'

   12 formal_list: formal
   13            | formal_list ',' formal

   14 formal: OBJECTID ':' TYPEID

   15 expression: %empty


Terminals, with rules where they appear

$end (0) 0
'(' (40) 8 9
')' (41) 8 9
',' (44) 13
':' (58) 8 9 10 11 14
';' (59) 4 5 8 9 10 11
'{' (123) 4 5 8 9
'}' (125) 4 5 8 9
error (256)
CLASS (258) 4 5
ELSE (259)
FI (260)
IF (261)
IN (262)
INHERITS (263) 5
LET (264)
LOOP (265)
POOL (266)
THEN (267)
WHILE (268)
CASE (269)
ESAC (270)
OF (271)
DARROW (272)
NEW (273)
ISVOID (274)
STR_CONST (275)
INT_CONST (276)
BOOL_CONST (277)
TYPEID (278) 4 5 8 9 10 11 14
OBJECTID (279) 8 9 10 11 14
ASSIGN (280) 11
NOT (281)
LE (282)
ERROR (283)


Nonterminals, with rules where they appear

$accept (36)
    on left: 0
program (37)
    on left: 1, on right: 0
class_list (38)
    on left: 2 3, on right: 1 3
class (39)
    on left: 4 5, on right: 2 3
feature_list (40)
    on left: 6 7, on right: 4 5 7
feature (41)
    on left: 8 9 10 11, on right: 7
formal_list (42)
    on left: 12 13, on right: 9 13
formal (43)
    on left: 14, on right: 12 13
expression (44)
    on left: 15, on right: 8 9 11


State 0

    0 $accept: . program $end

    CLASS  shift, and go to state 1

    program     go to state 2
    class_list  go to state 3
    class       go to state 4


State 1

    4 class: CLASS . TYPEID '{' feature_list '}' ';'
    5      | CLASS . TYPEID INHERITS TYPEID '{' feature_list '}' ';'

    TYPEID  shift, and go to state 5


State 2

    0 $accept: program . $end

    $end  shift, and go to state 6


State 3

    1 program: class_list .
    3 class_list: class_list . class

    CLASS  shift, and go to state 1

    $default  reduce using rule 1 (program)

    class  go to state 7


State 4

    2 class_list: class .

    $default  reduce using rule 2 (class_list)


State 5

    4 class: CLASS TYPEID . '{' feature_list '}' ';'
    5      | CLASS TYPEID . INHERITS TYPEID '{' feature_list '}' ';'

    INHERITS  shift, and go to state 8
    '{'       shift, and go to state 9


State 6

    0 $accept: program $end .

    $default  accept


State 7

    3 class_list: class_list class .

    $default  reduce using rule 3 (class_list)


State 8

    5 class: CLASS TYPEID INHERITS . TYPEID '{' feature_list '}' ';'

    TYPEID  shift, and go to state 10


State 9

    4 class: CLASS TYPEID '{' . feature_list '}' ';'

    $default  reduce using rule 6 (feature_list)

    feature_list  go to state 11


State 10

    5 class: CLASS TYPEID INHERITS TYPEID . '{' feature_list '}' ';'

    '{'  shift, and go to state 12


State 11

    4 class: CLASS TYPEID '{' feature_list . '}' ';'
    7 feature_list: feature_list . feature

    OBJECTID  shift, and go to state 13
    '}'       shift, and go to state 14

    feature  go to state 15


State 12

    5 class: CLASS TYPEID INHERITS TYPEID '{' . feature_list '}' ';'

    $default  reduce using rule 6 (feature_list)

    feature_list  go to state 16


State 13

    8 feature: OBJECTID . '(' ')' ':' TYPEID '{' expression '}' ';'
    9        | OBJECTID . '(' formal_list ')' ':' TYPEID '{' expression '}' ';'
   10        | OBJECTID . ':' TYPEID ';'
   11        | OBJECTID . ':' TYPEID ASSIGN expression ';'

    '('  shift, and go to state 17
    ':'  shift, and go to state 18


State 14

    4 class: CLASS TYPEID '{' feature_list '}' . ';'

    ';'  shift, and go to state 19


State 15

    7 feature_list: feature_list feature .

    $default  reduce using rule 7 (feature_list)


State 16

    5 class: CLASS TYPEID INHERITS TYPEID '{' feature_list . '}' ';'
    7 feature_list: feature_list . feature

    OBJECTID  shift, and go to state 13
    '}'       shift, and go to state 20

    feature  go to state 15


State 17

    8 feature: OBJECTID '(' . ')' ':' TYPEID '{' expression '}' ';'
    9        | OBJECTID '(' . formal_list ')' ':' TYPEID '{' expression '}' ';'

    OBJECTID  shift, and go to state 21
    ')'       shift, and go to state 22

    formal_list  go to state 23
    formal       go to state 24


State 18

   10 feature: OBJECTID ':' . TYPEID ';'
   11        | OBJECTID ':' . TYPEID ASSIGN expression ';'

    TYPEID  shift, and go to state 25


State 19

    4 class: CLASS TYPEID '{' feature_list '}' ';' .

    $default  reduce using rule 4 (class)


State 20

    5 class: CLASS TYPEID INHERITS TYPEID '{' feature_list '}' . ';'

    ';'  shift, and go to state 26


State 21

   14 formal: OBJECTID . ':' TYPEID

    ':'  shift, and go to state 27


State 22

    8 feature: OBJECTID '(' ')' . ':' TYPEID '{' expression '}' ';'

    ':'  shift, and go to state 28


State 23

    9 feature: OBJECTID '(' formal_list . ')' ':' TYPEID '{' expression '}' ';'
   13 formal_list: formal_list . ',' formal

    ')'  shift, and go to state 29
    ','  shift, and go to state 30


State 24

   12 formal_list: formal .

    $default  reduce using rule 12 (formal_list)


State 25

   10 feature: OBJECTID ':' TYPEID . ';'
   11        | OBJECTID ':' TYPEID . ASSIGN expression ';'

    ASSIGN  shift, and go to state 31
    ';'     shift, and go to state 32


State 26

    5 class: CLASS TYPEID INHERITS TYPEID '{' feature_list '}' ';' .

    $default  reduce using rule 5 (class)


State 27

   14 formal: OBJECTID ':' . TYPEID

    TYPEID  shift, and go to state 33


State 28

    8 feature: OBJECTID '(' ')' ':' . TYPEID '{' expression '}' ';'

    TYPEID  shift, and go to state 34


State 29

    9 feature: OBJECTID '(' formal_list ')' . ':' TYPEID '{' expression '}' ';'

    ':'  shift, and go to state 35


State 30

   13 formal_list: formal_list ',' . formal

    OBJECTID  shift, and go to state 21

    formal  go to state 36


State 31

   11 feature: OBJECTID ':' TYPEID ASSIGN . expression ';'

    $default  reduce using rule 15 (expression)

    expression  go to state 37


State 32

   10 feature: OBJECTID ':' TYPEID ';' .

    $default  reduce using rule 10 (feature)


State 33

   14 formal: OBJECTID ':' TYPEID .

    $default  reduce using rule 14 (formal)


State 34

    8 feature: OBJECTID '(' ')' ':' TYPEID . '{' expression '}' ';'

    '{'  shift, and go to state 38


State 35

    9 feature: OBJECTID '(' formal_list ')' ':' . TYPEID '{' expression '}' ';'

    TYPEID  shift, and go to state 39


State 36

   13 formal_list: formal_list ',' formal .

    $default  reduce using rule 13 (formal_list)


State 37

   11 feature: OBJECTID ':' TYPEID ASSIGN expression . ';'

    ';'  shift, and go to state 40


State 38

    8 feature: OBJECTID '(' ')' ':' TYPEID '{' . expression '}' ';'

    $default  reduce using rule 15 (expression)

    expression  go to state 41


State 39

    9 feature: OBJECTID '(' formal_list ')' ':' TYPEID . '{' expression '}' ';'

    '{'  shift, and go to state 42


State 40

   11 feature: OBJECTID ':' TYPEID ASSIGN expression ';' .

    $default  reduce using rule 11 (feature)


State 41

    8 feature: OBJECTID '(' ')' ':' TYPEID '{' expression . '}' ';'

    '}'  shift, and go to state 43


State 42

    9 feature: OBJECTID '(' formal_list ')' ':' TYPEID '{' . expression '}' ';'

    $default  reduce using rule 15 (expression)

    expression  go to state 44


State 43

    8 feature: OBJECTID '(' ')' ':' TYPEID '{' expression '}' . ';'

    ';'  shift, and go to state 45


State 44

    9 feature: OBJECTID '(' formal_list ')' ':' TYPEID '{' expression . '}' ';'

    '}'  shift, and go to state 46


State 45

    8 feature: OBJECTID '(' ')' ':' TYPEID '{' expression '}' ';' .

    $default  reduce using rule 8 (feature)


State 46

    9 feature: OBJECTID '(' formal_list ')' ':' TYPEID '{' expression '}' . ';'

    ';'  shift, and go to state 47


State 47

    9 feature: OBJECTID '(' formal_list ')' ':' TYPEID '{' expression '}' ';' .

    $default  reduce using rule 9 (feature)
